
*** Running vivado
    with args -log tb_top.vdi -applog -m64 -product Vivado -messageDb vivado.pb -mode batch -source tb_top.tcl -notrace



****** Vivado v2024.1 (64-bit)
  **** SW Build 5076996 on Wed May 22 18:37:14 MDT 2024
  **** IP Build 5075265 on Wed May 22 21:45:21 MDT 2024
  **** SharedData Build 5076995 on Wed May 22 18:29:18 MDT 2024
  **** Start of session at: Wed Dec  4 09:17:00 2024
    ** Copyright 1986-2022 Xilinx, Inc. All Rights Reserved.
    ** Copyright 2022-2024 Advanced Micro Devices, Inc. All Rights Reserved.

source tb_top.tcl -notrace
create_project: Time (s): cpu = 00:00:04 ; elapsed = 00:00:06 . Memory (MB): peak = 646.215 ; gain = 197.457
Command: link_design -top tb_top -part xc7z020clg484-1
Design is defaulting to srcset: sources_1
Design is defaulting to constrset: constrs_1
INFO: [Device 21-403] Loading part xc7z020clg484-1
INFO: [Device 21-9227] Part: xc7z020clg484-1 does not have CEAM library.
INFO: [Project 1-454] Reading design checkpoint 'e:/robot/project/Architecture_and_Design_of_Microprocessors/exp3/DistributedRAM/DistributedRAM.gen/sources_1/ip/distributed_ram/distributed_ram.dcp' for cell 'u_ram_top/distributed_ram'
Netlist sorting complete. Time (s): cpu = 00:00:00 ; elapsed = 00:00:00.127 . Memory (MB): peak = 1129.879 ; gain = 0.000
INFO: [Netlist 29-17] Analyzing 9824 Unisim elements for replacement
INFO: [Netlist 29-28] Unisim Transformation completed in 4 CPU seconds
WARNING: [Netlist 29-43] Netlist 'tb_top' is not ideal for floorplanning, since the cellview 'distributed_ram_spram' defined in file 'distributed_ram.edf' contains large number of primitives.  Please consider enabling hierarchy in synthesis if you want to do floorplanning.
INFO: [Project 1-479] Netlist was created with Vivado 2024.1
INFO: [Project 1-570] Preparing netlist for logic optimization
Parsing XDC File [E:/robot/project/Architecture_and_Design_of_Microprocessors/exp3/sources/ram.xdc]
WARNING: [Vivado 12-584] No ports matched 'clk'. [E:/robot/project/Architecture_and_Design_of_Microprocessors/exp3/sources/ram.xdc:2]
CRITICAL WARNING: [Vivado 12-4739] create_clock:No valid object(s) found for '-objects [get_ports clk]'. [E:/robot/project/Architecture_and_Design_of_Microprocessors/exp3/sources/ram.xdc:2]
Resolution: Check if the specified object(s) exists in the current design. If it does, ensure that the correct design hierarchy was specified for the object. If you are working with clocks, make sure create_clock was used to create the clock object before it is referenced.
INFO: [Timing 38-35] Done setting XDC timing constraints. [E:/robot/project/Architecture_and_Design_of_Microprocessors/exp3/sources/ram.xdc:3]
WARNING: [Vivado 12-646] clock 'clk' not found. [E:/robot/project/Architecture_and_Design_of_Microprocessors/exp3/sources/ram.xdc:3]
CRITICAL WARNING: [Vivado 12-4739] set_input_delay:No valid object(s) found for '-objects [all_inputs]'. [E:/robot/project/Architecture_and_Design_of_Microprocessors/exp3/sources/ram.xdc:3]
Resolution: Check if the specified object(s) exists in the current design. If it does, ensure that the correct design hierarchy was specified for the object. If you are working with clocks, make sure create_clock was used to create the clock object before it is referenced.
WARNING: [Vivado 12-646] clock 'clk' not found. [E:/robot/project/Architecture_and_Design_of_Microprocessors/exp3/sources/ram.xdc:4]
CRITICAL WARNING: [Vivado 12-4739] set_output_delay:No valid object(s) found for '-objects [all_outputs]'. [E:/robot/project/Architecture_and_Design_of_Microprocessors/exp3/sources/ram.xdc:4]
Resolution: Check if the specified object(s) exists in the current design. If it does, ensure that the correct design hierarchy was specified for the object. If you are working with clocks, make sure create_clock was used to create the clock object before it is referenced.
Finished Parsing XDC File [E:/robot/project/Architecture_and_Design_of_Microprocessors/exp3/sources/ram.xdc]
INFO: [Opt 31-138] Pushed 0 inverter(s) to 0 load pin(s).
Netlist sorting complete. Time (s): cpu = 00:00:00 ; elapsed = 00:00:00.042 . Memory (MB): peak = 2019.715 ; gain = 0.000
INFO: [Project 1-111] Unisim Transformation Summary:
  A total of 8192 instances were transformed.
  RAM256X1S => RAM256X1S (MUXF7(x2), MUXF8, RAMS64E(x4)): 8192 instances

10 Infos, 4 Warnings, 3 Critical Warnings and 0 Errors encountered.
link_design completed successfully
link_design: Time (s): cpu = 00:00:21 ; elapsed = 00:00:28 . Memory (MB): peak = 2019.715 ; gain = 1356.738
Command: opt_design
Attempting to get a license for feature 'Implementation' and/or device 'xc7z020'
INFO: [Common 17-349] Got license for feature 'Implementation' and/or device 'xc7z020'
Running DRC as a precondition to command opt_design

Starting DRC Task
INFO: [DRC 23-27] Running DRC with 2 threads
INFO: [Project 1-461] DRC finished with 0 Errors
INFO: [Project 1-462] Please refer to the DRC report (report_drc) for more information.

Time (s): cpu = 00:00:02 ; elapsed = 00:00:01 . Memory (MB): peak = 2019.715 ; gain = 0.000

Starting Cache Timing Information Task
INFO: [Timing 38-35] Done setting XDC timing constraints.
Ending Cache Timing Information Task | Checksum: 1604fc6b9

Time (s): cpu = 00:00:03 ; elapsed = 00:00:04 . Memory (MB): peak = 2046.414 ; gain = 26.699

Starting Logic Optimization Task

Phase 1 Initialization

Phase 1.1 Core Generation And Design Setup
Phase 1.1 Core Generation And Design Setup | Checksum: 1604fc6b9

Time (s): cpu = 00:00:00 ; elapsed = 00:00:00.033 . Memory (MB): peak = 2409.660 ; gain = 0.000

Phase 1.2 Setup Constraints And Sort Netlist
Phase 1.2 Setup Constraints And Sort Netlist | Checksum: 1604fc6b9

Time (s): cpu = 00:00:00 ; elapsed = 00:00:00.099 . Memory (MB): peak = 2409.660 ; gain = 0.000
Phase 1 Initialization | Checksum: 1604fc6b9

Time (s): cpu = 00:00:00 ; elapsed = 00:00:00.114 . Memory (MB): peak = 2409.660 ; gain = 0.000

Phase 2 Timer Update And Timing Data Collection

Phase 2.1 Timer Update
Phase 2.1 Timer Update | Checksum: 1604fc6b9

Time (s): cpu = 00:00:00 ; elapsed = 00:00:00.989 . Memory (MB): peak = 2409.660 ; gain = 0.000

Phase 2.2 Timing Data Collection
Phase 2.2 Timing Data Collection | Checksum: 1604fc6b9

Time (s): cpu = 00:00:01 ; elapsed = 00:00:01 . Memory (MB): peak = 2409.660 ; gain = 0.000
Phase 2 Timer Update And Timing Data Collection | Checksum: 1604fc6b9

Time (s): cpu = 00:00:01 ; elapsed = 00:00:01 . Memory (MB): peak = 2409.660 ; gain = 0.000

Phase 3 Retarget
INFO: [Opt 31-1834] Total Chains To Be Transformed Were: 0 AND Number of Transformed insts Created are: 0
INFO: [Opt 31-138] Pushed 0 inverter(s) to 0 load pin(s).
INFO: [Opt 31-49] Retargeted 0 cell(s).
Phase 3 Retarget | Checksum: ea2e0ba7

Time (s): cpu = 00:00:01 ; elapsed = 00:00:03 . Memory (MB): peak = 2409.660 ; gain = 0.000
Retarget | Checksum: ea2e0ba7
INFO: [Opt 31-389] Phase Retarget created 2146 cells and removed 4322 cells

Phase 4 Constant propagation
INFO: [Opt 31-138] Pushed 0 inverter(s) to 0 load pin(s).
Phase 4 Constant propagation | Checksum: 1503e2970

Time (s): cpu = 00:00:03 ; elapsed = 00:00:07 . Memory (MB): peak = 2409.660 ; gain = 0.000
Constant propagation | Checksum: 1503e2970
INFO: [Opt 31-389] Phase Constant propagation created 0 cells and removed 8537 cells

Phase 5 Sweep
Phase 5 Sweep | Checksum: 196f6e963

Time (s): cpu = 00:00:07 ; elapsed = 00:00:12 . Memory (MB): peak = 2409.660 ; gain = 0.000
Sweep | Checksum: 196f6e963
INFO: [Opt 31-389] Phase Sweep created 0 cells and removed 9862 cells

Phase 6 BUFG optimization
Phase 6 BUFG optimization | Checksum: 196f6e963

Time (s): cpu = 00:00:07 ; elapsed = 00:00:12 . Memory (MB): peak = 2409.660 ; gain = 0.000
BUFG optimization | Checksum: 196f6e963
INFO: [Opt 31-662] Phase BUFG optimization created 0 cells of which 0 are BUFGs and removed 0 cells.

Phase 7 Shift Register Optimization
INFO: [Opt 31-1064] SRL Remap converted 0 SRLs to 0 registers and converted 0 registers of register chains to 0 SRLs
Phase 7 Shift Register Optimization | Checksum: 196f6e963

Time (s): cpu = 00:00:07 ; elapsed = 00:00:12 . Memory (MB): peak = 2409.660 ; gain = 0.000
Shift Register Optimization | Checksum: 196f6e963
INFO: [Opt 31-389] Phase Shift Register Optimization created 0 cells and removed 0 cells

Phase 8 Post Processing Netlist
Phase 8 Post Processing Netlist | Checksum: 196f6e963

Time (s): cpu = 00:00:07 ; elapsed = 00:00:12 . Memory (MB): peak = 2409.660 ; gain = 0.000
Post Processing Netlist | Checksum: 196f6e963
INFO: [Opt 31-389] Phase Post Processing Netlist created 0 cells and removed 0 cells

Phase 9 Finalization

Phase 9.1 Finalizing Design Cores and Updating Shapes
Phase 9.1 Finalizing Design Cores and Updating Shapes | Checksum: 110e61f94

Time (s): cpu = 00:00:07 ; elapsed = 00:00:12 . Memory (MB): peak = 2409.660 ; gain = 0.000

Phase 9.2 Verifying Netlist Connectivity

Starting Connectivity Check Task

Time (s): cpu = 00:00:00 ; elapsed = 00:00:00.001 . Memory (MB): peak = 2409.660 ; gain = 0.000
Phase 9.2 Verifying Netlist Connectivity | Checksum: 110e61f94

Time (s): cpu = 00:00:07 ; elapsed = 00:00:12 . Memory (MB): peak = 2409.660 ; gain = 0.000
Phase 9 Finalization | Checksum: 110e61f94

Time (s): cpu = 00:00:07 ; elapsed = 00:00:12 . Memory (MB): peak = 2409.660 ; gain = 0.000
Opt_design Change Summary
=========================


-------------------------------------------------------------------------------------------------------------------------
|  Phase                        |  #Cells created  |  #Cells Removed  |  #Constrained objects preventing optimizations  |
-------------------------------------------------------------------------------------------------------------------------
|  Retarget                     |            2146  |            4322  |                                              0  |
|  Constant propagation         |               0  |            8537  |                                              0  |
|  Sweep                        |               0  |            9862  |                                              0  |
|  BUFG optimization            |               0  |               0  |                                              0  |
|  Shift Register Optimization  |               0  |               0  |                                              0  |
|  Post Processing Netlist      |               0  |               0  |                                              0  |
-------------------------------------------------------------------------------------------------------------------------


Ending Logic Optimization Task | Checksum: 110e61f94

Time (s): cpu = 00:00:07 ; elapsed = 00:00:12 . Memory (MB): peak = 2409.660 ; gain = 0.000

Starting Power Optimization Task
INFO: [Pwropt 34-132] Skipping clock gating for clocks with a period < 2.00 ns.
Ending Power Optimization Task | Checksum: 110e61f94

Time (s): cpu = 00:00:00 ; elapsed = 00:00:00.012 . Memory (MB): peak = 2409.660 ; gain = 0.000

Starting Final Cleanup Task
Ending Final Cleanup Task | Checksum: 110e61f94

Time (s): cpu = 00:00:00 ; elapsed = 00:00:00.001 . Memory (MB): peak = 2409.660 ; gain = 0.000

Starting Netlist Obfuscation Task
Netlist sorting complete. Time (s): cpu = 00:00:00 ; elapsed = 00:00:00.001 . Memory (MB): peak = 2409.660 ; gain = 0.000
Ending Netlist Obfuscation Task | Checksum: 110e61f94

Time (s): cpu = 00:00:00 ; elapsed = 00:00:00.001 . Memory (MB): peak = 2409.660 ; gain = 0.000
INFO: [Common 17-83] Releasing license: Implementation
28 Infos, 4 Warnings, 3 Critical Warnings and 0 Errors encountered.
opt_design completed successfully
opt_design: Time (s): cpu = 00:00:15 ; elapsed = 00:00:21 . Memory (MB): peak = 2409.660 ; gain = 389.945
INFO: [Vivado 12-24828] Executing command : report_drc -file tb_top_drc_opted.rpt -pb tb_top_drc_opted.pb -rpx tb_top_drc_opted.rpx
Command: report_drc -file tb_top_drc_opted.rpt -pb tb_top_drc_opted.pb -rpx tb_top_drc_opted.rpx
INFO: [IP_Flow 19-1839] IP Catalog is up to date.
INFO: [DRC 23-27] Running DRC with 2 threads
INFO: [Vivado_Tcl 2-168] The results of DRC are in file E:/robot/project/Architecture_and_Design_of_Microprocessors/exp3/DistributedRAM/DistributedRAM.runs/impl_1/tb_top_drc_opted.rpt.
report_drc completed successfully
INFO: [Timing 38-480] Writing timing data to binary archive.
Write ShapeDB Complete: Time (s): cpu = 00:00:00 ; elapsed = 00:00:00.005 . Memory (MB): peak = 2409.660 ; gain = 0.000
INFO: [Common 17-1381] The checkpoint 'E:/robot/project/Architecture_and_Design_of_Microprocessors/exp3/DistributedRAM/DistributedRAM.runs/impl_1/tb_top_opt.dcp' has been generated.
Command: place_design
Attempting to get a license for feature 'Implementation' and/or device 'xc7z020'
INFO: [Common 17-349] Got license for feature 'Implementation' and/or device 'xc7z020'
INFO: [Common 17-83] Releasing license: Implementation
INFO: [DRC 23-27] Running DRC with 2 threads
INFO: [Vivado_Tcl 4-198] DRC finished with 0 Errors
INFO: [Vivado_Tcl 4-199] Please refer to the DRC report (report_drc) for more information.
Running DRC as a precondition to command place_design
INFO: [DRC 23-27] Running DRC with 2 threads
INFO: [Vivado_Tcl 4-198] DRC finished with 0 Errors
INFO: [Vivado_Tcl 4-199] Please refer to the DRC report (report_drc) for more information.
INFO: [Place 30-611] Multithreading enabled for place_design using a maximum of 2 CPUs

Starting Placer Task

Phase 1 Placer Initialization

Phase 1.1 Placer Initialization Netlist Sorting
Netlist sorting complete. Time (s): cpu = 00:00:00 ; elapsed = 00:00:00.002 . Memory (MB): peak = 2409.660 ; gain = 0.000
Phase 1.1 Placer Initialization Netlist Sorting | Checksum: 15f972f0

Time (s): cpu = 00:00:00 ; elapsed = 00:00:00.008 . Memory (MB): peak = 2409.660 ; gain = 0.000
Phase 1 Placer Initialization | Checksum: 15f972f0

Time (s): cpu = 00:00:00 ; elapsed = 00:00:00.012 . Memory (MB): peak = 2409.660 ; gain = 0.000
ERROR: [Place 30-494] The design is empty
Resolution: Check if opt_design has removed all the leaf cells of your design.  Check whether you have instantiated and connected all of the top level ports.
Ending Placer Task | Checksum: 15f972f0

Time (s): cpu = 00:00:00 ; elapsed = 00:00:00.013 . Memory (MB): peak = 2409.660 ; gain = 0.000
43 Infos, 4 Warnings, 3 Critical Warnings and 2 Errors encountered.
place_design failed
ERROR: [Common 17-69] Command failed: Placer could not place all instances
INFO: [Common 17-206] Exiting Vivado at Wed Dec  4 09:18:01 2024...

*** Running vivado
    with args -log tb_top.vdi -applog -m64 -product Vivado -messageDb vivado.pb -mode batch -source tb_top.tcl -notrace



****** Vivado v2024.1 (64-bit)
  **** SW Build 5076996 on Wed May 22 18:37:14 MDT 2024
  **** IP Build 5075265 on Wed May 22 21:45:21 MDT 2024
  **** SharedData Build 5076995 on Wed May 22 18:29:18 MDT 2024
  **** Start of session at: Wed Dec  4 09:20:20 2024
    ** Copyright 1986-2022 Xilinx, Inc. All Rights Reserved.
    ** Copyright 2022-2024 Advanced Micro Devices, Inc. All Rights Reserved.

source tb_top.tcl -notrace
Command: open_checkpoint tb_top_opt.dcp
INFO: [Device 21-403] Loading part xc7z020clg484-1
INFO: [Device 21-9227] Part: xc7z020clg484-1 does not have CEAM library.
Netlist sorting complete. Time (s): cpu = 00:00:00 ; elapsed = 00:00:00.001 . Memory (MB): peak = 1081.508 ; gain = 0.000
INFO: [Project 1-479] Netlist was created with Vivado 2024.1
INFO: [Project 1-570] Preparing netlist for logic optimization
Read ShapeDB Complete: Time (s): cpu = 00:00:00 ; elapsed = 00:00:00.002 . Memory (MB): peak = 1190.988 ; gain = 0.297
INFO: [Timing 38-478] Restoring timing data from binary archive.
INFO: [Timing 38-479] Binary timing data restore complete.
INFO: [Project 1-856] Restoring constraints from binary archive.
INFO: [Project 1-853] Binary constraint restore complete.
Netlist sorting complete. Time (s): cpu = 00:00:00 ; elapsed = 00:00:00.002 . Memory (MB): peak = 1707.293 ; gain = 0.000
INFO: [Project 1-111] Unisim Transformation Summary:
No Unisim elements were transformed.

INFO: [Project 1-604] Checkpoint was created with Vivado v2024.1 (64-bit) build 5076996
open_checkpoint: Time (s): cpu = 00:00:13 ; elapsed = 00:00:19 . Memory (MB): peak = 1707.293 ; gain = 1259.941
Command: place_design
Attempting to get a license for feature 'Implementation' and/or device 'xc7z020'
INFO: [Common 17-349] Got license for feature 'Implementation' and/or device 'xc7z020'
INFO: [Common 17-83] Releasing license: Implementation
INFO: [DRC 23-27] Running DRC with 2 threads
INFO: [Vivado_Tcl 4-198] DRC finished with 0 Errors
INFO: [Vivado_Tcl 4-199] Please refer to the DRC report (report_drc) for more information.
Running DRC as a precondition to command place_design
INFO: [DRC 23-27] Running DRC with 2 threads
INFO: [Vivado_Tcl 4-198] DRC finished with 0 Errors
INFO: [Vivado_Tcl 4-199] Please refer to the DRC report (report_drc) for more information.
INFO: [Place 30-611] Multithreading enabled for place_design using a maximum of 2 CPUs

Starting Placer Task

Phase 1 Placer Initialization

Phase 1.1 Placer Initialization Netlist Sorting
Netlist sorting complete. Time (s): cpu = 00:00:00 ; elapsed = 00:00:00.001 . Memory (MB): peak = 1714.680 ; gain = 0.000
Phase 1.1 Placer Initialization Netlist Sorting | Checksum: 15f972f0

Time (s): cpu = 00:00:00 ; elapsed = 00:00:00.089 . Memory (MB): peak = 1714.680 ; gain = 0.000
Phase 1 Placer Initialization | Checksum: 15f972f0

Time (s): cpu = 00:00:00 ; elapsed = 00:00:00.090 . Memory (MB): peak = 1714.680 ; gain = 0.000
ERROR: [Place 30-494] The design is empty
Resolution: Check if opt_design has removed all the leaf cells of your design.  Check whether you have instantiated and connected all of the top level ports.
Ending Placer Task | Checksum: 15f972f0

Time (s): cpu = 00:00:00 ; elapsed = 00:00:00.090 . Memory (MB): peak = 1714.680 ; gain = 0.000
19 Infos, 0 Warnings, 0 Critical Warnings and 2 Errors encountered.
place_design failed
ERROR: [Common 17-69] Command failed: Placer could not place all instances
INFO: [Common 17-206] Exiting Vivado at Wed Dec  4 09:20:44 2024...
